[0m11:57:36.963053 [debug] [MainThread]: Sending event: {'category': 'dbt', 'action': 'invocation', 'label': 'start', 'context': [<snowplow_tracker.self_describing_json.SelfDescribingJson object at 0x000001C081A17450>, <snowplow_tracker.self_describing_json.SelfDescribingJson object at 0x000001C081A15150>, <snowplow_tracker.self_describing_json.SelfDescribingJson object at 0x000001C081A17490>]}


============================== 11:57:36.983565 | e46ea2b6-d476-4df1-8b69-be633f3e8dfd ==============================
[0m11:57:36.983565 [info ] [MainThread]: Running with dbt=1.11.8
[0m11:57:36.983565 [debug] [MainThread]: running dbt with arguments {'version_check': 'True', 'no_print': 'None', 'static_parser': 'True', 'warn_error_options': 'WarnErrorOptionsV2(error=[], warn=[], silence=[])', 'target_path': 'None', 'printer_width': '80', 'write_json': 'True', 'introspect': 'True', 'log_cache_events': 'False', 'empty': 'None', 'cache_selected_only': 'False', 'fail_fast': 'False', 'debug': 'False', 'log_format': 'default', 'profiles_dir': 'C:\\Users\\alfin\\.dbt', 'send_anonymous_usage_stats': 'True', 'quiet': 'False', 'warn_error': 'None', 'partial_parse': 'True', 'use_colors': 'True', 'indirect_selection': 'eager', 'invocation_command': 'dbt init energy_europe', 'use_experimental_parser': 'False', 'log_path': 'logs'}
[0m11:57:37.008035 [info ] [MainThread]: Creating dbt configuration folder at C:\Users\alfin\.dbt
[0m11:57:37.011034 [debug] [MainThread]: Starter project path: C:\Users\alfin\OneDrive\Desktop\PROJECTS\ENERGY EUROPE PLATFORM\venv\Lib\site-packages\dbt\include\starter_project
[0m11:57:37.087993 [info ] [MainThread]: 
Your new dbt project "energy_europe" was created!

For more information on how to configure the profiles.yml file,
please consult the dbt documentation here:

  https://docs.getdbt.com/docs/configure-your-profile

One more thing:

Need help? Don't hesitate to reach out to us via GitHub issues or on Slack:

  https://community.getdbt.com/

Happy modeling!

[0m11:57:37.088993 [info ] [MainThread]: Setting up your profile.
[0m12:01:29.611004 [error] [MainThread]: Encountered an error:

[0m12:01:29.613011 [error] [MainThread]: Traceback (most recent call last):
  File "C:\Users\alfin\OneDrive\Desktop\PROJECTS\ENERGY EUROPE PLATFORM\venv\Lib\site-packages\dbt\cli\requires.py", line 182, in wrapper
    result, success = func(*args, **kwargs)
                      ^^^^^^^^^^^^^^^^^^^^^
  File "C:\Users\alfin\OneDrive\Desktop\PROJECTS\ENERGY EUROPE PLATFORM\venv\Lib\site-packages\dbt\cli\requires.py", line 128, in wrapper
    return func(*args, **kwargs)
           ^^^^^^^^^^^^^^^^^^^^^
  File "C:\Users\alfin\OneDrive\Desktop\PROJECTS\ENERGY EUROPE PLATFORM\venv\Lib\site-packages\dbt\cli\main.py", line 488, in init
    results = task.run()
              ^^^^^^^^^^
  File "C:\Users\alfin\OneDrive\Desktop\PROJECTS\ENERGY EUROPE PLATFORM\venv\Lib\site-packages\dbt\task\init.py", line 346, in run
    self.setup_profile(profile_name)
  File "C:\Users\alfin\OneDrive\Desktop\PROJECTS\ENERGY EUROPE PLATFORM\venv\Lib\site-packages\dbt\task\init.py", line 262, in setup_profile
    self.create_profile_from_target(adapter, profile_name=profile_name)
  File "C:\Users\alfin\OneDrive\Desktop\PROJECTS\ENERGY EUROPE PLATFORM\venv\Lib\site-packages\dbt\task\init.py", line 179, in create_profile_from_target
    self.create_profile_from_profile_template(profile_template, profile_name)
  File "C:\Users\alfin\OneDrive\Desktop\PROJECTS\ENERGY EUROPE PLATFORM\venv\Lib\site-packages\dbt\task\init.py", line 163, in create_profile_from_profile_template
    target = self.generate_target_from_input(prompts, initial_target)
             ^^^^^^^^^^^^^^^^^^^^^^^^^^^^^^^^^^^^^^^^^^^^^^^^^^^^^^^^
  File "C:\Users\alfin\OneDrive\Desktop\PROJECTS\ENERGY EUROPE PLATFORM\venv\Lib\site-packages\dbt\task\init.py", line 129, in generate_target_from_input
    target[key] = click.prompt(
                  ^^^^^^^^^^^^^
  File "C:\Users\alfin\OneDrive\Desktop\PROJECTS\ENERGY EUROPE PLATFORM\venv\Lib\site-packages\click\termui.py", line 179, in prompt
    value = prompt_func(prompt)
            ^^^^^^^^^^^^^^^^^^^
  File "C:\Users\alfin\OneDrive\Desktop\PROJECTS\ENERGY EUROPE PLATFORM\venv\Lib\site-packages\click\termui.py", line 162, in prompt_func
    raise Abort() from None
click.exceptions.Abort

[0m12:01:29.614007 [debug] [MainThread]: Command `dbt init` failed at 12:01:29.614007 after 232.74 seconds
[0m12:01:29.615015 [debug] [MainThread]: Sending event: {'category': 'dbt', 'action': 'invocation', 'label': 'end', 'context': [<snowplow_tracker.self_describing_json.SelfDescribingJson object at 0x000001C081A3BC10>, <snowplow_tracker.self_describing_json.SelfDescribingJson object at 0x000001C081A3BC50>, <snowplow_tracker.self_describing_json.SelfDescribingJson object at 0x000001C0809DB810>]}
[0m12:01:29.615015 [debug] [MainThread]: Flushing usage events
[0m12:01:30.658842 [debug] [MainThread]: An error was encountered while trying to flush usage events
[0m12:01:50.355857 [debug] [MainThread]: Sending event: {'category': 'dbt', 'action': 'invocation', 'label': 'start', 'context': [<snowplow_tracker.self_describing_json.SelfDescribingJson object at 0x00000264AB663810>, <snowplow_tracker.self_describing_json.SelfDescribingJson object at 0x00000264AB541410>, <snowplow_tracker.self_describing_json.SelfDescribingJson object at 0x00000264AB663690>]}


============================== 12:01:50.360858 | 02026d96-ce16-4ae0-b51f-ed878fd02e8f ==============================
[0m12:01:50.360858 [info ] [MainThread]: Running with dbt=1.11.8
[0m12:01:50.361857 [debug] [MainThread]: running dbt with arguments {'static_parser': 'True', 'no_print': 'None', 'version_check': 'True', 'target_path': 'None', 'warn_error_options': 'WarnErrorOptionsV2(error=[], warn=[], silence=[])', 'printer_width': '80', 'write_json': 'True', 'introspect': 'True', 'log_cache_events': 'False', 'empty': 'None', 'cache_selected_only': 'False', 'fail_fast': 'False', 'debug': 'False', 'log_format': 'default', 'profiles_dir': 'C:\\Users\\alfin\\.dbt', 'send_anonymous_usage_stats': 'True', 'quiet': 'False', 'warn_error': 'None', 'partial_parse': 'True', 'indirect_selection': 'eager', 'use_colors': 'True', 'invocation_command': 'dbt init energy_europe', 'use_experimental_parser': 'False', 'log_path': 'logs'}
[0m12:01:50.379008 [info ] [MainThread]: A project called energy_europe already exists here.
[0m12:01:50.381011 [debug] [MainThread]: Command `dbt init` succeeded at 12:01:50.380008 after 0.10 seconds
[0m12:01:50.381011 [debug] [MainThread]: Sending event: {'category': 'dbt', 'action': 'invocation', 'label': 'end', 'context': [<snowplow_tracker.self_describing_json.SelfDescribingJson object at 0x00000264A4D83D50>, <snowplow_tracker.self_describing_json.SelfDescribingJson object at 0x00000264AC8E7550>, <snowplow_tracker.self_describing_json.SelfDescribingJson object at 0x00000264A4D015D0>]}
[0m12:01:50.382012 [debug] [MainThread]: Flushing usage events
[0m12:01:51.184493 [debug] [MainThread]: An error was encountered while trying to flush usage events
